# JRE version: Java(TM) SE Runtime Environment (7.0_80-b15) (build 1.7.0_80-b15)
# Java VM: Java HotSpot(TM) 64-Bit Server VM (24.80-b11 mixed mode windows-amd64 compressed oops)
Heap
 PSYoungGen      total 1152000K, used 208069K [0x00000007aaa80000, 0x0000000800000000, 0x0000000800000000)
  eden space 905728K, 7% used [0x00000007aaa80000,0x00000007af05dad8,0x00000007e1f00000)
  from space 246272K, 55% used [0x00000007f0f80000,0x00000007f94d3cf0,0x0000000800000000)
  to   space 246272K, 0% used [0x00000007e1f00000,0x00000007e1f00000,0x00000007f0f80000)
 ParOldGen       total 972288K, used 605969K [0x0000000700000000, 0x000000073b580000, 0x00000007aaa80000)
  object space 972288K, 62% used [0x0000000700000000,0x0000000724fc4718,0x000000073b580000)
 PSPermGen       total 21504K, used 6730K [0x00000006fae00000, 0x00000006fc300000, 0x0000000700000000)
  object space 21504K, 31% used [0x00000006fae00000,0x00000006fb492890,0x00000006fc300000)
GC Heap History (10 events):
Event: 24.487 GC heap before
{Heap before GC invocations=11 (full 1):
 PSYoungGen      total 1093632K, used 1093622K [0x00000007aaa80000, 0x00000007fab00000, 0x0000000800000000)
  eden space 957952K, 100% used [0x00000007aaa80000,0x00000007e5200000,0x00000007e5200000)
  from space 135680K, 99% used [0x00000007e6580000,0x00000007ee9fda88,0x00000007eea00000)
  to   space 176640K, 0% used [0x00000007efe80000,0x00000007efe80000,0x00000007fab00000)
 ParOldGen       total 347136K, used 232948K [0x0000000700000000, 0x0000000715300000, 0x00000007aaa80000)
  object space 347136K, 67% used [0x0000000700000000,0x000000070e37d048,0x0000000715300000)
 PSPermGen       total 21504K, used 6240K [0x00000006fae00000, 0x00000006fc300000, 0x0000000700000000)
  object space 21504K, 29% used [0x00000006fae00000,0x00000006fb4182e0,0x00000006fc300000)
Event: 25.499 GC heap after
Heap after GC invocations=11 (full 1):
 PSYoungGen      total 1067520K, used 176612K [0x00000007aaa80000, 0x0000000800000000, 0x0000000800000000)
  eden space 890880K, 0% used [0x00000007aaa80000,0x00000007aaa80000,0x00000007e1080000)
  from space 176640K, 99% used [0x00000007efe80000,0x00000007faaf9118,0x00000007fab00000)
  to   space 243712K, 0% used [0x00000007e1080000,0x00000007e1080000,0x00000007efe80000)
 ParOldGen       total 347136K, used 336427K [0x0000000700000000, 0x0000000715300000, 0x00000007aaa80000)
  object space 347136K, 96% used [0x0000000700000000,0x000000071488aec8,0x0000000715300000)
 PSPermGen       total 21504K, used 6240K [0x00000006fae00000, 0x00000006fc300000, 0x0000000700000000)
  object space 21504K, 29% used [0x00000006fae00000,0x00000006fb4182e0,0x00000006fc300000)
}
Event: 25.504 GC heap before
{Heap before GC invocations=12 (full 2):
 PSYoungGen      total 1067520K, used 176612K [0x00000007aaa80000, 0x0000000800000000, 0x0000000800000000)
  eden space 890880K, 0% used [0x00000007aaa80000,0x00000007aaa80000,0x00000007e1080000)
  from space 176640K, 99% used [0x00000007efe80000,0x00000007faaf9118,0x00000007fab00000)
  to   space 243712K, 0% used [0x00000007e1080000,0x00000007e1080000,0x00000007efe80000)
 ParOldGen       total 347136K, used 336427K [0x0000000700000000, 0x0000000715300000, 0x00000007aaa80000)
  object space 347136K, 96% used [0x0000000700000000,0x000000071488aec8,0x0000000715300000)
 PSPermGen       total 21504K, used 6240K [0x00000006fae00000, 0x00000006fc300000, 0x0000000700000000)
  object space 21504K, 29% used [0x00000006fae00000,0x00000006fb4182e0,0x00000006fc300000)
Event: 30.148 GC heap after
Heap after GC invocations=12 (full 2):
 PSYoungGen      total 1067520K, used 154417K [0x00000007aaa80000, 0x0000000800000000, 0x0000000800000000)
  eden space 890880K, 0% used [0x00000007aaa80000,0x00000007aaa80000,0x00000007e1080000)
  from space 176640K, 87% used [0x00000007efe80000,0x00000007f954c7d0,0x00000007fab00000)
  to   space 243712K, 0% used [0x00000007e1080000,0x00000007e1080000,0x00000007efe80000)
 ParOldGen       total 606208K, used 346759K [0x0000000700000000, 0x0000000725000000, 0x00000007aaa80000)
  object space 606208K, 57% used [0x0000000700000000,0x00000007152a1c70,0x0000000725000000)
 PSPermGen       total 21504K, used 6240K [0x00000006fae00000, 0x00000006fc300000, 0x0000000700000000)
  object space 21504K, 29% used [0x00000006fae00000,0x00000006fb4180a0,0x00000006fc300000)
}
Event: 32.680 GC heap before
{Heap before GC invocations=13 (full 2):
 PSYoungGen      total 1067520K, used 1045297K [0x00000007aaa80000, 0x0000000800000000, 0x0000000800000000)
  eden space 890880K, 100% used [0x00000007aaa80000,0x00000007e1080000,0x00000007e1080000)
  from space 176640K, 87% used [0x00000007efe80000,0x00000007f954c7d0,0x00000007fab00000)
  to   space 243712K, 0% used [0x00000007e1080000,0x00000007e1080000,0x00000007efe80000)
 ParOldGen       total 606208K, used 346759K [0x0000000700000000, 0x0000000725000000, 0x00000007aaa80000)
  object space 606208K, 57% used [0x0000000700000000,0x00000007152a1c70,0x0000000725000000)
 PSPermGen       total 21504K, used 6331K [0x00000006fae00000, 0x00000006fc300000, 0x0000000700000000)
  object space 21504K, 29% used [0x00000006fae00000,0x00000006fb42ec40,0x00000006fc300000)
Event: 33.276 GC heap after
Heap after GC invocations=13 (full 2):
 PSYoungGen      total 1134592K, used 137967K [0x00000007aaa80000, 0x0000000800000000, 0x0000000800000000)
  eden space 890880K, 0% used [0x00000007aaa80000,0x00000007aaa80000,0x00000007e1080000)
  from space 243712K, 56% used [0x00000007e1080000,0x00000007e973bfa8,0x00000007efe80000)
  to   space 246272K, 0% used [0x00000007f0f80000,0x00000007f0f80000,0x0000000800000000)
 ParOldGen       total 606208K, used 493887K [0x0000000700000000, 0x0000000725000000, 0x00000007aaa80000)
  object space 606208K, 81% used [0x0000000700000000,0x000000071e24ff38,0x0000000725000000)
 PSPermGen       total 21504K, used 6331K [0x00000006fae00000, 0x00000006fc300000, 0x0000000700000000)
  object space 21504K, 29% used [0x00000006fae00000,0x00000006fb42ec40,0x00000006fc300000)
}
Event: 33.276 GC heap before
{Heap before GC invocations=14 (full 3):
 PSYoungGen      total 1134592K, used 137967K [0x00000007aaa80000, 0x0000000800000000, 0x0000000800000000)
  eden space 890880K, 0% used [0x00000007aaa80000,0x00000007aaa80000,0x00000007e1080000)
  from space 243712K, 56% used [0x00000007e1080000,0x00000007e973bfa8,0x00000007efe80000)
  to   space 246272K, 0% used [0x00000007f0f80000,0x00000007f0f80000,0x0000000800000000)
 ParOldGen       total 606208K, used 493887K [0x0000000700000000, 0x0000000725000000, 0x00000007aaa80000)
  object space 606208K, 81% used [0x0000000700000000,0x000000071e24ff38,0x0000000725000000)
 PSPermGen       total 21504K, used 6331K [0x00000006fae00000, 0x00000006fc300000, 0x0000000700000000)
  object space 21504K, 29% used [0x00000006fae00000,0x00000006fb42ec40,0x00000006fc300000)
Event: 38.165 GC heap after
Heap after GC invocations=14 (full 3):
 PSYoungGen      total 1134592K, used 19381K [0x00000007aaa80000, 0x0000000800000000, 0x0000000800000000)
  eden space 890880K, 0% used [0x00000007aaa80000,0x00000007aaa80000,0x00000007e1080000)
  from space 243712K, 7% used [0x00000007e1080000,0x00000007e236d670,0x00000007efe80000)
  to   space 246272K, 0% used [0x00000007f0f80000,0x00000007f0f80000,0x0000000800000000)
 ParOldGen       total 972288K, used 605969K [0x0000000700000000, 0x000000073b580000, 0x00000007aaa80000)
  object space 972288K, 62% used [0x0000000700000000,0x0000000724fc4718,0x000000073b580000)
 PSPermGen       total 21504K, used 6330K [0x00000006fae00000, 0x00000006fc300000, 0x0000000700000000)
  object space 21504K, 29% used [0x00000006fae00000,0x00000006fb42eae0,0x00000006fc300000)
}
Event: 45.375 GC heap before
{Heap before GC invocations=15 (full 3):
 PSYoungGen      total 1134592K, used 910261K [0x00000007aaa80000, 0x0000000800000000, 0x0000000800000000)
  eden space 890880K, 100% used [0x00000007aaa80000,0x00000007e1080000,0x00000007e1080000)
  from space 243712K, 7% used [0x00000007e1080000,0x00000007e236d670,0x00000007efe80000)
  to   space 246272K, 0% used [0x00000007f0f80000,0x00000007f0f80000,0x0000000800000000)
 ParOldGen       total 972288K, used 605969K [0x0000000700000000, 0x000000073b580000, 0x00000007aaa80000)
  object space 972288K, 62% used [0x0000000700000000,0x0000000724fc4718,0x000000073b580000)
 PSPermGen       total 21504K, used 6659K [0x00000006fae00000, 0x00000006fc300000, 0x0000000700000000)
  object space 21504K, 30% used [0x00000006fae00000,0x00000006fb480f98,0x00000006fc300000)
Event: 45.763 GC heap after
Heap after GC invocations=15 (full 3):
 PSYoungGen      total 1152000K, used 136527K [0x00000007aaa80000, 0x0000000800000000, 0x0000000800000000)
  eden space 905728K, 0% used [0x00000007aaa80000,0x00000007aaa80000,0x00000007e1f00000)
  from space 246272K, 55% used [0x00000007f0f80000,0x00000007f94d3cf0,0x0000000800000000)
  to   space 246272K, 0% used [0x00000007e1f00000,0x00000007e1f00000,0x00000007f0f80000)
 ParOldGen       total 972288K, used 605969K [0x0000000700000000, 0x000000073b580000, 0x00000007aaa80000)
  object space 972288K, 62% used [0x0000000700000000,0x0000000724fc4718,0x000000073b580000)
 PSPermGen       total 21504K, used 6659K [0x00000006fae00000, 0x00000006fc300000, 0x0000000700000000)
  object space 21504K, 30% used [0x00000006fae00000,0x00000006fb480f98,0x00000006fc300000)
}

