# JRE version: Java(TM) SE Runtime Environment (7.0_80-b15) (build 1.7.0_80-b15)
# Java VM: Java HotSpot(TM) 64-Bit Server VM (24.80-b11 mixed mode windows-amd64 compressed oops)
Heap
 PSYoungGen      total 575488K, used 187309K [0x00000007aaa80000, 0x00000007e9280000, 0x0000000800000000)
  eden space 496640K, 26% used [0x00000007aaa80000,0x00000007b2b32228,0x00000007c8f80000)
  from space 78848K, 70% used [0x00000007c8f80000,0x00000007cc5b93a8,0x00000007cdc80000)
  to   space 114688K, 0% used [0x00000007e2280000,0x00000007e2280000,0x00000007e9280000)
 ParOldGen       total 173568K, used 173345K [0x0000000700000000, 0x000000070a980000, 0x00000007aaa80000)
  object space 173568K, 99% used [0x0000000700000000,0x000000070a948500,0x000000070a980000)
 PSPermGen       total 21504K, used 6183K [0x00000006fae00000, 0x00000006fc300000, 0x0000000700000000)
  object space 21504K, 28% used [0x00000006fae00000,0x00000006fb409f38,0x00000006fc300000)
GC Heap History (10 events):
Event: 8.285 GC heap before
{Heap before GC invocations=6 (full 0):
 PSYoungGen      total 141824K, used 141793K [0x00000007aaa80000, 0x00000007beb80000, 0x0000000800000000)
  eden space 131072K, 100% used [0x00000007aaa80000,0x00000007b2a80000,0x00000007b2a80000)
  from space 10752K, 99% used [0x00000007b2a80000,0x00000007b34f84c0,0x00000007b3500000)
  to   space 33280K, 0% used [0x00000007bcb00000,0x00000007bcb00000,0x00000007beb80000)
 ParOldGen       total 173568K, used 49948K [0x0000000700000000, 0x000000070a980000, 0x00000007aaa80000)
  object space 173568K, 28% used [0x0000000700000000,0x00000007030c7330,0x000000070a980000)
 PSPermGen       total 21504K, used 6107K [0x00000006fae00000, 0x00000006fc300000, 0x0000000700000000)
  object space 21504K, 28% used [0x00000006fae00000,0x00000006fb3f6d50,0x00000006fc300000)
Event: 8.360 GC heap after
Heap after GC invocations=6 (full 0):
 PSYoungGen      total 290304K, used 33159K [0x00000007aaa80000, 0x00000007bf580000, 0x0000000800000000)
  eden space 257024K, 0% used [0x00000007aaa80000,0x00000007aaa80000,0x00000007ba580000)
  from space 33280K, 99% used [0x00000007bcb00000,0x00000007beb61cf8,0x00000007beb80000)
  to   space 38400K, 0% used [0x00000007ba580000,0x00000007ba580000,0x00000007bcb00000)
 ParOldGen       total 173568K, used 49948K [0x0000000700000000, 0x000000070a980000, 0x00000007aaa80000)
  object space 173568K, 28% used [0x0000000700000000,0x00000007030c7330,0x000000070a980000)
 PSPermGen       total 21504K, used 6107K [0x00000006fae00000, 0x00000006fc300000, 0x0000000700000000)
  object space 21504K, 28% used [0x00000006fae00000,0x00000006fb3f6d50,0x00000006fc300000)
}
Event: 9.217 GC heap before
{Heap before GC invocations=7 (full 0):
 PSYoungGen      total 290304K, used 290183K [0x00000007aaa80000, 0x00000007bf580000, 0x0000000800000000)
  eden space 257024K, 100% used [0x00000007aaa80000,0x00000007ba580000,0x00000007ba580000)
  from space 33280K, 99% used [0x00000007bcb00000,0x00000007beb61cf8,0x00000007beb80000)
  to   space 38400K, 0% used [0x00000007ba580000,0x00000007ba580000,0x00000007bcb00000)
 ParOldGen       total 173568K, used 49948K [0x0000000700000000, 0x000000070a980000, 0x00000007aaa80000)
  object space 173568K, 28% used [0x0000000700000000,0x00000007030c7330,0x000000070a980000)
 PSPermGen       total 21504K, used 6118K [0x00000006fae00000, 0x00000006fc300000, 0x0000000700000000)
  object space 21504K, 28% used [0x00000006fae00000,0x00000006fb3f9af8,0x00000006fc300000)
Event: 9.963 GC heap after
Heap after GC invocations=7 (full 0):
 PSYoungGen      total 295424K, used 38377K [0x00000007aaa80000, 0x00000007d1880000, 0x0000000800000000)
  eden space 257024K, 0% used [0x00000007aaa80000,0x00000007aaa80000,0x00000007ba580000)
  from space 38400K, 99% used [0x00000007ba580000,0x00000007bcafa498,0x00000007bcb00000)
  to   space 61440K, 0% used [0x00000007cdc80000,0x00000007cdc80000,0x00000007d1880000)
 ParOldGen       total 173568K, used 84704K [0x0000000700000000, 0x000000070a980000, 0x00000007aaa80000)
  object space 173568K, 48% used [0x0000000700000000,0x00000007052b83b0,0x000000070a980000)
 PSPermGen       total 21504K, used 6118K [0x00000006fae00000, 0x00000006fc300000, 0x0000000700000000)
  object space 21504K, 28% used [0x00000006fae00000,0x00000006fb3f9af8,0x00000006fc300000)
}
Event: 11.739 GC heap before
{Heap before GC invocations=8 (full 0):
 PSYoungGen      total 295424K, used 295401K [0x00000007aaa80000, 0x00000007d1880000, 0x0000000800000000)
  eden space 257024K, 100% used [0x00000007aaa80000,0x00000007ba580000,0x00000007ba580000)
  from space 38400K, 99% used [0x00000007ba580000,0x00000007bcafa498,0x00000007bcb00000)
  to   space 61440K, 0% used [0x00000007cdc80000,0x00000007cdc80000,0x00000007d1880000)
 ParOldGen       total 173568K, used 84704K [0x0000000700000000, 0x000000070a980000, 0x00000007aaa80000)
  object space 173568K, 48% used [0x0000000700000000,0x00000007052b83b0,0x000000070a980000)
 PSPermGen       total 21504K, used 6131K [0x00000006fae00000, 0x00000006fc300000, 0x0000000700000000)
  object space 21504K, 28% used [0x00000006fae00000,0x00000006fb3fce10,0x00000006fc300000)
Event: 12.054 GC heap after
Heap after GC invocations=8 (full 0):
 PSYoungGen      total 558080K, used 61436K [0x00000007aaa80000, 0x00000007d3a80000, 0x0000000800000000)
  eden space 496640K, 0% used [0x00000007aaa80000,0x00000007aaa80000,0x00000007c8f80000)
  from space 61440K, 99% used [0x00000007cdc80000,0x00000007d187f178,0x00000007d1880000)
  to   space 78848K, 0% used [0x00000007c8f80000,0x00000007c8f80000,0x00000007cdc80000)
 ParOldGen       total 173568K, used 101254K [0x0000000700000000, 0x000000070a980000, 0x00000007aaa80000)
  object space 173568K, 58% used [0x0000000700000000,0x00000007062e1ba0,0x000000070a980000)
 PSPermGen       total 21504K, used 6131K [0x00000006fae00000, 0x00000006fc300000, 0x0000000700000000)
  object space 21504K, 28% used [0x00000006fae00000,0x00000006fb3fce10,0x00000006fc300000)
}
Event: 14.261 GC heap before
{Heap before GC invocations=9 (full 0):
 PSYoungGen      total 558080K, used 558076K [0x00000007aaa80000, 0x00000007d3a80000, 0x0000000800000000)
  eden space 496640K, 100% used [0x00000007aaa80000,0x00000007c8f80000,0x00000007c8f80000)
  from space 61440K, 99% used [0x00000007cdc80000,0x00000007d187f178,0x00000007d1880000)
  to   space 78848K, 0% used [0x00000007c8f80000,0x00000007c8f80000,0x00000007cdc80000)
 ParOldGen       total 173568K, used 101254K [0x0000000700000000, 0x000000070a980000, 0x00000007aaa80000)
  object space 173568K, 58% used [0x0000000700000000,0x00000007062e1ba0,0x000000070a980000)
 PSPermGen       total 21504K, used 6164K [0x00000006fae00000, 0x00000006fc300000, 0x0000000700000000)
  object space 21504K, 28% used [0x00000006fae00000,0x00000006fb4050e8,0x00000006fc300000)
Event: 15.031 GC heap after
Heap after GC invocations=9 (full 0):
 PSYoungGen      total 575488K, used 78842K [0x00000007aaa80000, 0x00000007e9280000, 0x0000000800000000)
  eden space 496640K, 0% used [0x00000007aaa80000,0x00000007aaa80000,0x00000007c8f80000)
  from space 78848K, 99% used [0x00000007c8f80000,0x00000007cdc7e8d0,0x00000007cdc80000)
  to   space 114688K, 0% used [0x00000007e2280000,0x00000007e2280000,0x00000007e9280000)
 ParOldGen       total 173568K, used 157844K [0x0000000700000000, 0x000000070a980000, 0x00000007aaa80000)
  object space 173568K, 90% used [0x0000000700000000,0x0000000709a25278,0x000000070a980000)
 PSPermGen       total 21504K, used 6164K [0x00000006fae00000, 0x00000006fc300000, 0x0000000700000000)
  object space 21504K, 28% used [0x00000006fae00000,0x00000006fb4050e8,0x00000006fc300000)
}
Event: 15.031 GC heap before
{Heap before GC invocations=10 (full 1):
 PSYoungGen      total 575488K, used 78842K [0x00000007aaa80000, 0x00000007e9280000, 0x0000000800000000)
  eden space 496640K, 0% used [0x00000007aaa80000,0x00000007aaa80000,0x00000007c8f80000)
  from space 78848K, 99% used [0x00000007c8f80000,0x00000007cdc7e8d0,0x00000007cdc80000)
  to   space 114688K, 0% used [0x00000007e2280000,0x00000007e2280000,0x00000007e9280000)
 ParOldGen       total 173568K, used 157844K [0x0000000700000000, 0x000000070a980000, 0x00000007aaa80000)
  object space 173568K, 90% used [0x0000000700000000,0x0000000709a25278,0x000000070a980000)
 PSPermGen       total 21504K, used 6164K [0x00000006fae00000, 0x00000006fc300000, 0x0000000700000000)
  object space 21504K, 28% used [0x00000006fae00000,0x00000006fb4050e8,0x00000006fc300000)
Event: 20.056 GC heap after
Heap after GC invocations=10 (full 1):
 PSYoungGen      total 575488K, used 55524K [0x00000007aaa80000, 0x00000007e9280000, 0x0000000800000000)
  eden space 496640K, 0% used [0x00000007aaa80000,0x00000007aaa80000,0x00000007c8f80000)
  from space 78848K, 70% used [0x00000007c8f80000,0x00000007cc5b93a8,0x00000007cdc80000)
  to   space 114688K, 0% used [0x00000007e2280000,0x00000007e2280000,0x00000007e9280000)
 ParOldGen       total 173568K, used 173345K [0x0000000700000000, 0x000000070a980000, 0x00000007aaa80000)
  object space 173568K, 99% used [0x0000000700000000,0x000000070a948500,0x000000070a980000)
 PSPermGen       total 21504K, used 6159K [0x00000006fae00000, 0x00000006fc300000, 0x0000000700000000)
  object space 21504K, 28% used [0x00000006fae00000,0x00000006fb403cc8,0x00000006fc300000)
}

